            --------------------------------------------------------
                             AMBER SQM VERSION 17
 
                                     By
              Ross C. Walker, Michael F. Crowley, Scott Brozell,
                         Tim Giese, Andreas W. Goetz,
                        Tai-Sung Lee and David A. Case
 
            --------------------------------------------------------
 

--------------------------------------------------------------------------------
  QM CALCULATION INFO
--------------------------------------------------------------------------------

| QMMM: Citation for AMBER QMMM Run:
| QMMM: R.C. Walker, M.F. Crowley and D.A. Case, J. COMP. CHEM. 29:1019, 2008

QMMM: SINGLET STATE CALCULATION
QMMM: RHF CALCULATION, NO. OF DOUBLY OCCUPIED LEVELS = 57

| QMMM: *** Selected Hamiltonian *** 
| QMMM: AM1         

| QMMM: *** Parameter sets in use ***
| QMMM: N : M.J.S.DEWAR et al. JACS, 107, 3902, (1985)
| QMMM: C : M.J.S.DEWAR et al. JACS, 107, 3902, (1985)
| QMMM: O : M.J.S.DEWAR et al. JACS, 107, 3902, (1985)
| QMMM: H : M.J.S.DEWAR et al. JACS, 107, 3902, (1985)

| QMMM: *** SCF convergence criteria ***
| QMMM: Energy change                :  0.1D-09 kcal/mol
| QMMM: Error matrix |FP-PF|         :  0.1D+00 au
| QMMM: Density matrix change        :  0.5D-06
| QMMM: Maximum number of SCF cycles :     1000

| QMMM: *** Diagonalization Routine Information ***
| QMMM: Pseudo diagonalizations are allowed.
| QMMM: Auto diagonalization routine selection is in use.
| QMMM:
| QMMM: Timing diagonalization routines:
| QMMM:                              norbs =      108
| QMMM:    diag iterations used for timing =       10
| QMMM:
| QMMM:              Internal diag routine = 0.026908 seconds
| QMMM:                 Dspev diag routine = 0.030141 seconds
| QMMM:                Dspevd diag routine = 0.020611 seconds
| QMMM:                Dspevx diag routine = 0.083782 seconds
| QMMM:                 Dsyev diag routine = 0.028987 seconds
| QMMM:                Dsyevd diag routine = 0.022443 seconds
| QMMM:                Dsyevr diag routine = 0.024958 seconds
| QMMM:
| QMMM:                Pseudo diag routine = 0.013049 seconds
| QMMM:
| QMMM: Using dspevd routine (diag_routine=3).

  QMMM: QM Region Cartesian Coordinates (*=link atom) 
  QMMM: QM_NO.   MM_NO.  ATOM         X         Y         Z
  QMMM:     1        1      N       -1.5630    1.3970    0.7700
  QMMM:     2        2      C       -0.1150    1.3970    0.7700
  QMMM:     3        3      C        0.4080    2.8260    0.7700
  QMMM:     4        4      O        1.3010    3.0930    1.5710
  QMMM:     5        5      N       -0.1440    3.6720   -0.0980
  QMMM:     6        6      C        0.4360    0.6960   -0.4620
  QMMM:     7        7      C        0.1780   -0.7910   -0.5150
  QMMM:     8        8      C        1.0140   -1.6710    0.1820
  QMMM:     9        9      C       -0.8960   -1.2880   -1.2630
  QMMM:    10       10      C       -1.1350   -2.6670   -1.3120
  QMMM:    11       11      C       -0.2990   -3.5480   -0.6150
  QMMM:    12       12      C        0.7750   -3.0500    0.1330
  QMMM:    13       13      H        0.2430    0.8850    1.6630
  QMMM:    14       14      H        1.5140    0.8540   -0.4870
  QMMM:    15       15      H       -0.0020    1.1560   -1.3470
  QMMM:    16       16      H        1.8420   -1.2880    0.7590
  QMMM:    17       17      H       -1.5400   -0.6090   -1.8010
  QMMM:    18       18      H       -1.9630   -3.0510   -1.8890
  QMMM:    19       19      C       -0.5390   -4.9290   -0.6640
  QMMM:    20       20      H        1.4190   -3.7290    0.6710
  QMMM:    21       21      C       -1.6150   -5.4280   -1.4130
  QMMM:    22       22      C        0.2980   -5.8110    0.0340
  QMMM:    23       23      H       -2.2590   -4.7480   -1.9510
  QMMM:    24       24      C       -1.8540   -6.8080   -1.4630
  QMMM:    25       25      H       -2.6830   -7.1920   -2.0390
  QMMM:    26       26      H        1.1270   -5.4270    0.6110
  QMMM:    27       27      C        0.0590   -7.1920   -0.0150
  QMMM:    28       28      C       -1.0170   -7.6910   -0.7640
  QMMM:    29       29      H        0.7030   -7.8720    0.5230
  QMMM:    30       30      H       -1.2020   -8.7540   -0.8020
  QMMM:    31       31      H       -2.0680    2.2710    0.7700
  QMMM:    32       32      C       -2.2870    0.1430    0.7700
  QMMM:    33       33      O       -1.6670   -0.9300    0.7700
  QMMM:    34       34      C       -3.8110    0.1430    0.7700
  QMMM:    35       35      H       -4.1750   -0.8840    0.7700
  QMMM:    36       36      H       -4.1740    0.6570    1.6610
  QMMM:    37       37      H       -4.1750    0.6570   -0.1190
  QMMM:    38       38      C       -1.1930    3.2160   -0.9850
  QMMM:    39       39      H        0.1680    4.6310   -0.1360
  QMMM:    40       40      H       -1.5190    4.0420   -1.6180
  QMMM:    41       41      H       -0.8140    2.4080   -1.6110
  QMMM:    42       42      H       -2.0360    2.8550   -0.3970

--------------------------------------------------------------------------------
  RESULTS
--------------------------------------------------------------------------------

      iter         sqm energy              rms gradient
      ----    -------------------    -----------------------
xmin    10      -26.3593 kcal/mol        1.8795 kcal/(mol*A)
xmin    20      -29.3057 kcal/mol        2.5112 kcal/(mol*A)
xmin    30      -31.7610 kcal/mol        0.9892 kcal/(mol*A)
xmin    40      -32.2054 kcal/mol        0.4841 kcal/(mol*A)
xmin    50      -32.3286 kcal/mol        0.0678 kcal/(mol*A)
xmin    60      -32.3596 kcal/mol        0.0679 kcal/(mol*A)
xmin    70      -32.4124 kcal/mol        0.4028 kcal/(mol*A)
xmin    80      -32.5090 kcal/mol        0.0938 kcal/(mol*A)
xmin    90      -32.5684 kcal/mol        0.1678 kcal/(mol*A)
xmin   100      -32.5969 kcal/mol        0.1065 kcal/(mol*A)
xmin   110      -32.6018 kcal/mol        0.0324 kcal/(mol*A)
xmin   120      -32.6021 kcal/mol        0.0079 kcal/(mol*A)
xmin   130      -32.6023 kcal/mol        0.0091 kcal/(mol*A)
xmin   140      -32.6024 kcal/mol        0.0059 kcal/(mol*A)
xmin   150      -32.6025 kcal/mol        0.0153 kcal/(mol*A)
xmin   160      -32.6026 kcal/mol        0.0049 kcal/(mol*A)
xmin   170      -32.6027 kcal/mol        0.0021 kcal/(mol*A)
xmin   180      -32.6027 kcal/mol        0.0015 kcal/(mol*A)
xmin   190      -32.6027 kcal/mol        0.0026 kcal/(mol*A)
xmin   200      -32.6027 kcal/mol        0.0012 kcal/(mol*A)
xmin   210      -32.6027 kcal/mol        0.0014 kcal/(mol*A)
  ... geometry converged !
 
 Final MO eigenvalues (eV):
 -40.8363  -40.1939  -39.0317  -38.8696  -36.1910  -35.6827  -34.1694  -32.1141
 -31.9404  -31.2681  -30.5457  -28.6689  -27.5173  -25.5417  -24.1151  -23.2170
 -22.6416  -21.8702  -21.4165  -21.2142  -18.3365  -18.2295  -17.8574  -17.6473
 -16.8379  -16.7299  -16.5453  -16.1504  -15.7395  -15.6239  -15.3586  -15.3318
 -14.8148  -14.7132  -14.5335  -14.3161  -14.1849  -14.0823  -13.8358  -13.7086
 -13.5040  -13.4498  -13.2053  -12.9061  -12.6788  -12.4777  -12.0769  -11.9857
 -11.7362  -11.3095  -10.9826  -10.3569  -10.1097   -9.9423   -9.8634   -9.7852
  -8.9834   -0.2542    0.3827    0.4498    0.7289    1.2336    1.3239    1.8737
   2.1256    2.5645    2.9207    3.2416    3.4335    3.4536    3.5175    3.6329
   3.6889    3.8125    3.8285    3.8499    3.8790    3.8808    3.9245    3.9534
   4.0072    4.0369    4.0557    4.1880    4.2693    4.3124    4.3762    4.3892
   4.4574    4.5841    4.8054    4.9136    4.9735    5.0240    5.1431    5.3023
   5.3256    5.4677    5.4905    5.5158    5.5525    5.6992    5.8990    5.9755
   6.0016    6.1867    6.8984    7.0288

 Heat of formation   =        -32.60271284 kcal/mol  (       -1.41375972 eV)

 Total SCF energy    =     -83817.02721568 kcal/mol  (    -3634.57903888 eV)
 Electronic energy   =    -583664.62481294 kcal/mol  (   -25309.59736408 eV)
 Core-core repulsion =     499847.59759726 kcal/mol  (    21675.01832519 eV)
 
    Atomic Charges for Step       1 :
  Atom    Element       Mulliken Charge
     1      N                 -0.381
     2      C                  0.016
     3      C                  0.288
     4      O                 -0.366
     5      N                 -0.381
     6      C                 -0.140
     7      C                 -0.079
     8      C                 -0.117
     9      C                 -0.132
    10      C                 -0.120
    11      C                 -0.034
    12      C                 -0.113
    13      H                  0.164
    14      H                  0.120
    15      H                  0.088
    16      H                  0.144
    17      H                  0.127
    18      H                  0.135
    19      C                 -0.039
    20      H                  0.140
    21      C                 -0.119
    22      C                 -0.117
    23      H                  0.132
    24      C                 -0.131
    25      H                  0.132
    26      H                  0.136
    27      C                 -0.130
    28      C                 -0.126
    29      H                  0.133
    30      H                  0.132
    31      H                  0.218
    32      C                  0.305
    33      O                 -0.350
    34      C                 -0.243
    35      H                  0.100
    36      H                  0.121
    37      H                  0.099
    38      C                 -0.064
    39      H                  0.232
    40      H                  0.084
    41      H                  0.069
    42      H                  0.066
 Total Mulliken Charge =      -0.000
 
                  X        Y        Z     TOTAL  
  QM DIPOLE    -3.654   -0.335   -5.161    6.332
 
 Final Structure

  QMMM: QM Region Cartesian Coordinates (*=link atom) 
  QMMM: QM_NO.   MM_NO.  ATOM         X         Y         Z
  QMMM:     1        1      N       -1.6642    1.1647    0.5756
  QMMM:     2        2      C       -0.2330    1.2689    0.6012
  QMMM:     3        3      C        0.2901    2.7222    0.6455
  QMMM:     4        4      O        1.2233    2.9986    1.4262
  QMMM:     5        5      N       -0.1849    3.7140   -0.1833
  QMMM:     6        6      C        0.4792    0.5743   -0.5750
  QMMM:     7        7      C        0.2137   -0.8871   -0.6236
  QMMM:     8        8      C        0.6247   -1.7192    0.4250
  QMMM:     9        9      C       -0.4236   -1.4548   -1.7326
  QMMM:    10       10      C       -0.6510   -2.8272   -1.7920
  QMMM:    11       11      C       -0.2431   -3.6613   -0.7418
  QMMM:    12       12      C        0.3978   -3.0911    0.3678
  QMMM:    13       13      H        0.1341    0.7979    1.5705
  QMMM:    14       14      H        1.5829    0.7463   -0.4403
  QMMM:    15       15      H        0.1803    1.0548   -1.5442
  QMMM:    16       16      H        1.1276   -1.2841    1.3029
  QMMM:    17       17      H       -0.7410   -0.8161   -2.5704
  QMMM:    18       18      H       -1.1451   -3.2624   -2.6738
  QMMM:    19       19      C       -0.4796   -5.1021   -0.8035
  QMMM:    20       20      H        0.7170   -3.7329    1.2034
  QMMM:    21       21      C       -1.6855   -5.6034   -1.3145
  QMMM:    22       22      C        0.4971   -6.0018   -0.3522
  QMMM:    23       23      H       -2.4612   -4.9061   -1.6646
  QMMM:    24       24      C       -1.9089   -6.9775   -1.3708
  QMMM:    25       25      H       -2.8594   -7.3610   -1.7698
  QMMM:    26       26      H        1.4495   -5.6191    0.0449
  QMMM:    27       27      C        0.2703   -7.3751   -0.4132
  QMMM:    28       28      C       -0.9322   -7.8660   -0.9214
  QMMM:    29       29      H        1.0435   -8.0730   -0.0594
  QMMM:    30       30      H       -1.1099   -8.9502   -0.9673
  QMMM:    31       31      H       -2.1060    1.2062   -0.3114
  QMMM:    32       32      C       -2.3929    0.6806    1.6548
  QMMM:    33       33      O       -1.8515    0.4485    2.7512
  QMMM:    34       34      C       -3.8743    0.4850    1.4432
  QMMM:    35       35      H       -4.0567   -0.2870    0.6575
  QMMM:    36       36      H       -4.3291    0.1399    2.4038
  QMMM:    37       37      H       -4.3586    1.4429    1.1361
  QMMM:    38       38      C       -1.2758    3.6193   -1.0915
  QMMM:    39       39      H        0.1953    4.6237   -0.0350
  QMMM:    40       40      H       -1.2549    4.5059   -1.7818
  QMMM:    41       41      H       -1.1985    2.6894   -1.7170
  QMMM:    42       42      H       -2.2657    3.6162   -0.5574

           --------- Calculation Completed ----------

