            --------------------------------------------------------
                             AMBER SQM VERSION 17
 
                                     By
              Ross C. Walker, Michael F. Crowley, Scott Brozell,
                         Tim Giese, Andreas W. Goetz,
                        Tai-Sung Lee and David A. Case
 
            --------------------------------------------------------
 

--------------------------------------------------------------------------------
  QM CALCULATION INFO
--------------------------------------------------------------------------------

| QMMM: Citation for AMBER QMMM Run:
| QMMM: R.C. Walker, M.F. Crowley and D.A. Case, J. COMP. CHEM. 29:1019, 2008

QMMM: SINGLET STATE CALCULATION
QMMM: RHF CALCULATION, NO. OF DOUBLY OCCUPIED LEVELS = 38

| QMMM: *** Selected Hamiltonian *** 
| QMMM: AM1         

| QMMM: *** Parameter sets in use ***
| QMMM: N : M.J.S.DEWAR et al. JACS, 107, 3902, (1985)
| QMMM: C : M.J.S.DEWAR et al. JACS, 107, 3902, (1985)
| QMMM: O : M.J.S.DEWAR et al. JACS, 107, 3902, (1985)
| QMMM: H : M.J.S.DEWAR et al. JACS, 107, 3902, (1985)

| QMMM: *** SCF convergence criteria ***
| QMMM: Energy change                :  0.1D-09 kcal/mol
| QMMM: Error matrix |FP-PF|         :  0.1D+00 au
| QMMM: Density matrix change        :  0.5D-06
| QMMM: Maximum number of SCF cycles :     1000

| QMMM: *** Diagonalization Routine Information ***
| QMMM: Pseudo diagonalizations are allowed.
| QMMM: Auto diagonalization routine selection is in use.
| QMMM:
| QMMM: Timing diagonalization routines:
| QMMM:                              norbs =       70
| QMMM:    diag iterations used for timing =       15
| QMMM:
| QMMM:              Internal diag routine = 0.014077 seconds
| QMMM:                 Dspev diag routine = 0.018584 seconds
| QMMM:                Dspevd diag routine = 0.011564 seconds
| QMMM:                Dspevx diag routine = 0.045374 seconds
| QMMM:                 Dsyev diag routine = 0.015138 seconds
| QMMM:                Dsyevd diag routine = 0.012427 seconds
| QMMM:                Dsyevr diag routine = 0.013910 seconds
| QMMM:
| QMMM:                Pseudo diag routine = 0.005089 seconds
| QMMM:
| QMMM: Using dspevd routine (diag_routine=3).

  QMMM: QM Region Cartesian Coordinates (*=link atom) 
  QMMM: QM_NO.   MM_NO.  ATOM         X         Y         Z
  QMMM:     1        1      N       -1.5480   -1.0670    0.0000
  QMMM:     2        2      C       -0.1010   -1.0670   -0.0000
  QMMM:     3        3      C        0.4220   -2.4960   -0.0000
  QMMM:     4        4      N        1.3900   -2.7860   -0.8680
  QMMM:     5        5      O       -0.0870   -3.2770    0.8010
  QMMM:     6        6      H        0.2600   -0.5520    0.8900
  QMMM:     7        7      H        0.2610   -0.5500   -0.8890
  QMMM:     8        8      C        1.8970   -1.7610   -1.7560
  QMMM:     9        9      H        1.7710   -3.7210   -0.9070
  QMMM:    10       10      H        2.6790   -2.1820   -2.3880
  QMMM:    11       11      H        2.3080   -0.9410   -1.1670
  QMMM:    12       12      H        1.0850   -1.3880   -2.3810
  QMMM:    13       13      C       -2.2720    0.1860    0.0000
  QMMM:    14       14      C       -2.2720   -2.3210   -0.0000
  QMMM:    15       15      C       -3.7710   -0.0910    0.0000
  QMMM:    16       16      H       -2.0090    0.7580   -0.8900
  QMMM:    17       17      H       -2.0090    0.7580    0.8900
  QMMM:    18       18      O       -1.6530   -3.3940   -0.0000
  QMMM:    19       19      C       -3.7970   -2.3210    0.0000
  QMMM:    20       20      H       -4.1600   -3.3480    0.0000
  QMMM:    21       21      H       -4.1600   -1.8070    0.8900
  QMMM:    22       22      H       -4.1600   -1.8070   -0.8900
  QMMM:    23       23      C       -4.5320    1.2300    0.0000
  QMMM:    24       24      C       -4.1400   -0.8900   -1.2450
  QMMM:    25       25      H       -4.0350   -0.6630    0.8900
  QMMM:    26       26      H       -5.6040    1.0320    0.0000
  QMMM:    27       27      H       -4.2690    1.8010    0.8900
  QMMM:    28       28      H       -4.2690    1.8010   -0.8900
  QMMM:    29       29      H       -5.2120   -1.0880   -1.2460
  QMMM:    30       30      H       -3.5960   -1.8340   -1.2450
  QMMM:    31       31      H       -3.8760   -0.3180   -2.1350

--------------------------------------------------------------------------------
  RESULTS
--------------------------------------------------------------------------------

      iter         sqm energy              rms gradient
      ----    -------------------    -----------------------
xmin    10      -79.4351 kcal/mol        2.9745 kcal/(mol*A)
xmin    20      -83.9618 kcal/mol        1.3105 kcal/(mol*A)
xmin    30      -86.5531 kcal/mol        1.1972 kcal/(mol*A)
xmin    40      -89.7582 kcal/mol        1.8680 kcal/(mol*A)
xmin    50      -91.3429 kcal/mol        0.7444 kcal/(mol*A)
xmin    60      -93.4703 kcal/mol        0.5541 kcal/(mol*A)
xmin    70      -94.5082 kcal/mol        0.4932 kcal/(mol*A)
xmin    80      -94.7796 kcal/mol        0.3733 kcal/(mol*A)
xmin    90      -94.8658 kcal/mol        0.1758 kcal/(mol*A)
xmin   100      -94.8946 kcal/mol        0.0453 kcal/(mol*A)
xmin   110      -94.8987 kcal/mol        0.0326 kcal/(mol*A)
xmin   120      -94.8993 kcal/mol        0.0084 kcal/(mol*A)
xmin   130      -94.8995 kcal/mol        0.0073 kcal/(mol*A)
xmin   140      -94.8996 kcal/mol        0.0059 kcal/(mol*A)
xmin   150      -94.8997 kcal/mol        0.0019 kcal/(mol*A)
xmin   160      -94.8997 kcal/mol        0.0026 kcal/(mol*A)
  ... geometry converged !
 
 Final MO eigenvalues (eV):
 -40.6753  -38.9731  -37.4864  -35.5922  -34.8764  -31.4122  -28.6190  -27.9523
 -27.1436  -26.3719  -22.0077  -21.3620  -19.8740  -18.2023  -17.7350  -17.4996
 -17.1452  -16.0889  -15.7681  -15.4352  -14.9943  -14.6612  -14.3963  -13.9587
 -13.7228  -13.4272  -13.3318  -13.2690  -13.0168  -12.9310  -12.6405  -12.4350
 -12.0400  -11.6619  -11.1227  -10.8421   -9.9051   -9.6106    1.0942    1.2497
   1.9664    2.3288    3.2436    3.5112    3.5519    3.6611    3.7310    3.7953
   3.9358    3.9857    4.0082    4.1399    4.1993    4.2943    4.3199    4.3950
   4.4256    4.5195    4.6091    4.6821    4.7102    4.8673    4.9754    4.9984
   5.3161    5.6480    6.0764    6.2954    6.8628    7.0922

 Heat of formation   =        -94.89968332 kcal/mol  (       -4.11515907 eV)

 Total SCF energy    =     -56636.28695116 kcal/mol  (    -2455.93369547 eV)
 Electronic energy   =    -329169.69188377 kcal/mol  (   -14273.86895121 eV)
 Core-core repulsion =     272533.40493261 kcal/mol  (    11817.93525574 eV)
 
    Atomic Charges for Step       1 :
  Atom    Element       Mulliken Charge
     1      N                 -0.327
     2      C                 -0.038
     3      C                  0.277
     4      N                 -0.372
     5      O                 -0.389
     6      H                  0.116
     7      H                  0.132
     8      C                 -0.088
     9      H                  0.231
    10      H                  0.082
    11      H                  0.064
    12      H                  0.118
    13      C                 -0.031
    14      C                  0.308
    15      C                 -0.126
    16      H                  0.127
    17      H                  0.085
    18      O                 -0.386
    19      C                 -0.235
    20      H                  0.116
    21      H                  0.105
    22      H                  0.102
    23      C                 -0.211
    24      C                 -0.211
    25      H                  0.086
    26      H                  0.079
    27      H                  0.072
    28      H                  0.082
    29      H                  0.076
    30      H                  0.076
    31      H                  0.082
 Total Mulliken Charge =       0.000
 
                  X        Y        Z     TOTAL  
  QM DIPOLE    -1.396   -0.541    0.378    1.544
 
 Final Structure

  QMMM: QM Region Cartesian Coordinates (*=link atom) 
  QMMM: QM_NO.   MM_NO.  ATOM         X         Y         Z
  QMMM:     1        1      N       -1.8944   -1.5273   -0.5238
  QMMM:     2        2      C       -0.7967   -1.0974   -1.3503
  QMMM:     3        3      C        0.4670   -0.7715   -0.5345
  QMMM:     4        4      N        1.5044   -1.6671   -0.4585
  QMMM:     5        5      O        0.5560    0.3240    0.0611
  QMMM:     6        6      H       -1.0818   -0.1354   -1.8696
  QMMM:     7        7      H       -0.5831   -1.8795   -2.1331
  QMMM:     8        8      C        1.5486   -2.9257   -1.1288
  QMMM:     9        9      H        2.3177   -1.3777    0.0365
  QMMM:    10       10      H        2.3254   -3.5742   -0.6426
  QMMM:    11       11      H        1.8218   -2.7948   -2.2121
  QMMM:    12       12      H        0.5547   -3.4499   -1.0710
  QMMM:    13       13      C       -2.5515   -0.5270    0.2830
  QMMM:    14       14      C       -2.2693   -2.8655   -0.5004
  QMMM:    15       15      C       -3.8242    0.0918   -0.3230
  QMMM:    16       16      H       -1.8105    0.3038    0.4829
  QMMM:    17       17      H       -2.8252   -0.9864    1.2766
  QMMM:    18       18      O       -1.6668   -3.6968   -1.2133
  QMMM:    19       19      C       -3.3971   -3.3037    0.3987
  QMMM:    20       20      H       -3.6374   -4.3711    0.1698
  QMMM:    21       21      H       -3.0824   -3.2249    1.4680
  QMMM:    22       22      H       -4.3101   -2.6820    0.2388
  QMMM:    23       23      C       -4.4786    0.9643    0.7291
  QMMM:    24       24      C       -3.5202    0.9003   -1.5642
  QMMM:    25       25      H       -4.5413   -0.7309   -0.6012
  QMMM:    26       26      H       -5.4137    1.4193    0.3224
  QMMM:    27       27      H       -4.7416    0.3625    1.6321
  QMMM:    28       28      H       -3.7907    1.7876    1.0392
  QMMM:    29       29      H       -4.4342    1.4487   -1.8994
  QMMM:    30       30      H       -3.1885    0.2349   -2.3973
  QMMM:    31       31      H       -2.7154    1.6479   -1.3612

           --------- Calculation Completed ----------

