            --------------------------------------------------------
                             AMBER SQM VERSION 17
 
                                     By
              Ross C. Walker, Michael F. Crowley, Scott Brozell,
                         Tim Giese, Andreas W. Goetz,
                        Tai-Sung Lee and David A. Case
 
            --------------------------------------------------------
 

--------------------------------------------------------------------------------
  QM CALCULATION INFO
--------------------------------------------------------------------------------

| QMMM: Citation for AMBER QMMM Run:
| QMMM: R.C. Walker, M.F. Crowley and D.A. Case, J. COMP. CHEM. 29:1019, 2008

QMMM: SINGLET STATE CALCULATION
QMMM: RHF CALCULATION, NO. OF DOUBLY OCCUPIED LEVELS = 53

| QMMM: *** Selected Hamiltonian *** 
| QMMM: AM1         

| QMMM: *** Parameter sets in use ***
| QMMM: N : M.J.S.DEWAR et al. JACS, 107, 3902, (1985)
| QMMM: C : M.J.S.DEWAR et al. JACS, 107, 3902, (1985)
| QMMM: O : M.J.S.DEWAR et al. JACS, 107, 3902, (1985)
| QMMM: H : M.J.S.DEWAR et al. JACS, 107, 3902, (1985)
| QMMM: Cl: M.J.S.DEWAR et al. THEOCHEM, 180, 1, (1988)

| QMMM: *** SCF convergence criteria ***
| QMMM: Energy change                :  0.1D-09 kcal/mol
| QMMM: Error matrix |FP-PF|         :  0.1D+00 au
| QMMM: Density matrix change        :  0.5D-06
| QMMM: Maximum number of SCF cycles :     1000

| QMMM: *** Diagonalization Routine Information ***
| QMMM: Pseudo diagonalizations are allowed.
| QMMM: Auto diagonalization routine selection is in use.
| QMMM:
| QMMM: Timing diagonalization routines:
| QMMM:                              norbs =       96
| QMMM:    diag iterations used for timing =       15
| QMMM:
| QMMM:              Internal diag routine = 0.026797 seconds
| QMMM:                 Dspev diag routine = 0.034508 seconds
| QMMM:                Dspevd diag routine = 0.024755 seconds
| QMMM:                Dspevx diag routine = 0.095704 seconds
| QMMM:                 Dsyev diag routine = 0.032620 seconds
| QMMM:                Dsyevd diag routine = 0.027879 seconds
| QMMM:                Dsyevr diag routine = 0.028214 seconds
| QMMM:
| QMMM:                Pseudo diag routine = 0.013147 seconds
| QMMM:
| QMMM: Using dspevd routine (diag_routine=3).

  QMMM: QM Region Cartesian Coordinates (*=link atom) 
  QMMM: QM_NO.   MM_NO.  ATOM         X         Y         Z
  QMMM:     1        1      N       -2.0860    2.0430    0.4350
  QMMM:     2        2      C       -0.6380    2.0430    0.4350
  QMMM:     3        3      C       -0.1150    3.4720    0.4350
  QMMM:     4        4      N        0.8530    3.7620    1.3030
  QMMM:     5        5      O       -0.6250    4.2530   -0.3660
  QMMM:     6        6      C       -0.0860    1.3420   -0.7970
  QMMM:     7        7      C       -0.3340   -0.1460   -0.8450
  QMMM:     8        8      C       -1.2830   -0.7840   -1.5440
  QMMM:     9        9      C        0.3740   -1.1510   -0.1730
  QMMM:    10       10      C        1.4670   -1.0410    0.6950
  QMMM:    11       11      C       -0.1260   -2.3510   -0.4540
  QMMM:    12       12      N       -1.1300   -2.1810   -1.2790
  QMMM:    13       13      C        0.3680   -3.5530    0.0660
  QMMM:    14       14      C        1.4530   -3.4440    0.9270
  QMMM:    15       15      C        1.9820   -2.2400    1.2300
  QMMM:    16       16      H       -0.2800    1.5310    1.3280
  QMMM:    17       17      H        0.9910    1.5080   -0.8270
  QMMM:    18       18      H       -0.5320    1.7960   -1.6830
  QMMM:    19       19      H       -2.0230   -0.3290   -2.1850
  QMMM:    20       20      H        1.8970   -0.0820    0.9430
  QMMM:    21       21      H       -0.0680   -4.5080   -0.1880
  QMMM:    22       22      Cl       2.0570   -4.7080    1.5410
  QMMM:    23       23      H        2.8250   -2.1920    1.9040
  QMMM:    24       24      H       -1.7030   -2.9180   -1.6650
  QMMM:    25       25      H        1.2060    3.0470    1.9220
  QMMM:    26       26      C        1.3980    5.1020    1.3580
  QMMM:    27       27      H        2.1740    5.1470    2.1230
  QMMM:    28       28      H        1.8270    5.3590    0.3900
  QMMM:    29       29      H        0.6040    5.8070    1.6030
  QMMM:    30       30      H       -2.5910    2.9180    0.4350
  QMMM:    31       31      C       -2.8090    0.7890    0.4350
  QMMM:    32       32      O       -2.1900   -0.2830    0.4350
  QMMM:    33       33      C       -4.3340    0.7890    0.4350
  QMMM:    34       34      H       -4.6980   -0.2380    0.4350
  QMMM:    35       35      H       -4.6970    1.3030   -0.4550
  QMMM:    36       36      H       -4.6970    1.3030    1.3250

--------------------------------------------------------------------------------
  RESULTS
--------------------------------------------------------------------------------

      iter         sqm energy              rms gradient
      ----    -------------------    -----------------------
xmin    10      -30.6252 kcal/mol        1.9440 kcal/(mol*A)
xmin    20      -33.7445 kcal/mol        1.0479 kcal/(mol*A)
xmin    30      -34.1957 kcal/mol        0.7856 kcal/(mol*A)
xmin    40      -34.4837 kcal/mol        0.2309 kcal/(mol*A)
xmin    50      -34.5567 kcal/mol        0.1804 kcal/(mol*A)
xmin    60      -34.6123 kcal/mol        0.3011 kcal/(mol*A)
xmin    70      -34.8435 kcal/mol        0.1254 kcal/(mol*A)
xmin    80      -34.9610 kcal/mol        0.3441 kcal/(mol*A)
xmin    90      -35.0566 kcal/mol        0.2435 kcal/(mol*A)
xmin   100      -35.1373 kcal/mol        0.1473 kcal/(mol*A)
xmin   110      -35.1923 kcal/mol        0.2770 kcal/(mol*A)
xmin   120      -35.2601 kcal/mol        0.4764 kcal/(mol*A)
xmin   130      -35.3158 kcal/mol        0.1517 kcal/(mol*A)
xmin   140      -35.3472 kcal/mol        0.0932 kcal/(mol*A)
xmin   150      -35.3612 kcal/mol        0.0321 kcal/(mol*A)
xmin   160      -35.3665 kcal/mol        0.0561 kcal/(mol*A)
xmin   170      -35.3722 kcal/mol        0.1104 kcal/(mol*A)
xmin   180      -35.3760 kcal/mol        0.0538 kcal/(mol*A)
xmin   190      -35.3865 kcal/mol        0.2580 kcal/(mol*A)
xmin   200      -35.4322 kcal/mol        0.1853 kcal/(mol*A)
xmin   210      -35.4704 kcal/mol        0.2117 kcal/(mol*A)
xmin   220      -35.4885 kcal/mol        0.0266 kcal/(mol*A)
xmin   230      -35.4936 kcal/mol        0.2847 kcal/(mol*A)
xmin   240      -35.5008 kcal/mol        0.0977 kcal/(mol*A)
xmin   250      -35.5089 kcal/mol        0.0825 kcal/(mol*A)
xmin   260      -35.5160 kcal/mol        0.0650 kcal/(mol*A)
xmin   270      -35.5284 kcal/mol        0.0566 kcal/(mol*A)
xmin   280      -35.5337 kcal/mol        0.0306 kcal/(mol*A)
xmin   290      -35.5343 kcal/mol        0.0179 kcal/(mol*A)
xmin   300      -35.5354 kcal/mol        0.0132 kcal/(mol*A)
xmin   310      -33.6600 kcal/mol        5.2375 kcal/(mol*A)
xmin   320      -35.5281 kcal/mol        0.1599 kcal/(mol*A)
xmin   330      -35.5361 kcal/mol        0.0787 kcal/(mol*A)
xmin   340      -35.5377 kcal/mol        0.0140 kcal/(mol*A)
xmin   350      -35.5381 kcal/mol        0.0081 kcal/(mol*A)
xmin   360      -35.5382 kcal/mol        0.0055 kcal/(mol*A)
xmin   370      -35.5383 kcal/mol        0.0048 kcal/(mol*A)
xmin   380      -35.2889 kcal/mol        0.5422 kcal/(mol*A)
xmin   390      -35.5265 kcal/mol        0.1440 kcal/(mol*A)
xmin   400      -35.5347 kcal/mol        0.1538 kcal/(mol*A)
xmin   410      -35.5372 kcal/mol        0.0572 kcal/(mol*A)
xmin   420      -35.5378 kcal/mol        0.0092 kcal/(mol*A)
xmin   430      -35.5379 kcal/mol        0.0102 kcal/(mol*A)
xmin   440      -35.5380 kcal/mol        0.0029 kcal/(mol*A)
xmin   450      -35.5381 kcal/mol        0.0071 kcal/(mol*A)
xmin   460      -35.5381 kcal/mol        0.0029 kcal/(mol*A)
xmin   470      -35.5382 kcal/mol        0.0192 kcal/(mol*A)
xmin   480      -35.5383 kcal/mol        0.0067 kcal/(mol*A)
xmin   490      -35.5383 kcal/mol        0.0028 kcal/(mol*A)
xmin   500      -35.5383 kcal/mol        0.0034 kcal/(mol*A)
xmin   510      -35.5384 kcal/mol        0.0030 kcal/(mol*A)
xmin   520      -35.5384 kcal/mol        0.0021 kcal/(mol*A)
xmin   530      -35.5385 kcal/mol        0.0010 kcal/(mol*A)
xmin   540      -35.5385 kcal/mol        0.0071 kcal/(mol*A)
xmin   550      -35.5385 kcal/mol        0.0053 kcal/(mol*A)
xmin   560      -35.5385 kcal/mol        0.0007 kcal/(mol*A)
xmin   570      -35.5385 kcal/mol        0.0016 kcal/(mol*A)
xmin   580      -35.5385 kcal/mol        0.0009 kcal/(mol*A)
  ... geometry converged !
 
 Final MO eigenvalues (eV):
 -41.5619  -40.4293  -39.0751  -38.1930  -36.6148  -36.1711  -35.4714  -33.9261
 -31.8749  -30.5661  -29.7573  -28.8978  -27.3082  -24.5776  -23.8059  -22.7866
 -21.8481  -21.3093  -20.3943  -19.0512  -18.5844  -17.9075  -17.3284  -17.1318
 -16.7364  -16.4557  -15.9340  -15.7340  -15.4754  -15.3327  -14.9969  -14.9038
 -14.6151  -14.3970  -14.1383  -13.7762  -13.6590  -13.4962  -13.2976  -13.2106
 -13.0402  -12.7217  -12.5068  -12.2044  -11.8103  -11.7077  -11.3871  -11.0347
 -10.5336  -10.1257  -10.0074   -9.0462   -8.5220   -0.0899    0.4457    1.0276
   1.2565    1.3797    1.4269    1.9062    2.0234    2.1337    2.7328    3.3152
   3.4982    3.5332    3.5524    3.6879    3.7649    3.8956    3.9219    3.9606
   4.0039    4.0791    4.0996    4.2086    4.2775    4.3776    4.4137    4.5220
   4.5534    4.5908    4.6785    4.8987    5.0885    5.2097    5.2755    5.3693
   5.4497    5.6686    5.9553    5.9868    6.1337    6.2574    6.8191    6.9557


 Heat of formation   =        -35.53849407 kcal/mol  (       -1.54106474 eV)

 Total SCF energy    =     -84125.19386160 kcal/mol  (    -3647.94214742 eV)
 Electronic energy   =    -531906.21823649 kcal/mol  (   -23065.18443417 eV)
 Core-core repulsion =     447781.02437489 kcal/mol  (    19417.24228676 eV)
 
    Atomic Charges for Step       1 :
  Atom    Element       Mulliken Charge
     1      N                 -0.356
     2      C                  0.002
     3      C                  0.270
     4      N                 -0.372
     5      O                 -0.382
     6      C                 -0.087
     7      C                 -0.157
     8      C                 -0.049
     9      C                 -0.075
    10      C                 -0.080
    11      C                  0.003
    12      N                 -0.211
    13      C                 -0.138
    14      C                 -0.045
    15      C                 -0.149
    16      H                  0.145
    17      H                  0.101
    18      H                  0.104
    19      H                  0.172
    20      H                  0.137
    21      H                  0.148
    22      Cl                -0.022
    23      H                  0.145
    24      H                  0.252
    25      H                  0.229
    26      C                 -0.080
    27      H                  0.067
    28      H                  0.073
    29      H                  0.116
    30      H                  0.228
    31      C                  0.293
    32      O                 -0.361
    33      C                 -0.243
    34      H                  0.118
    35      H                  0.100
    36      H                  0.105
 Total Mulliken Charge =      -0.000
 
                  X        Y        Z     TOTAL  
  QM DIPOLE    -1.803   -0.125   -0.978    2.055
 
 Final Structure

  QMMM: QM Region Cartesian Coordinates (*=link atom) 
  QMMM: QM_NO.   MM_NO.  ATOM         X         Y         Z
  QMMM:     1        1      N       -2.3555    1.8671   -0.0800
  QMMM:     2        2      C       -0.9762    1.8110    0.3380
  QMMM:     3        3      C       -0.3887    3.2387    0.5079
  QMMM:     4        4      N        0.4752    3.4423    1.5579
  QMMM:     5        5      O       -0.6678    4.1436   -0.3056
  QMMM:     6        6      C       -0.0661    1.0909   -0.6797
  QMMM:     7        7      C       -0.2258   -0.3668   -0.6485
  QMMM:     8        8      C       -1.3681   -1.1031   -0.9688
  QMMM:     9        9      C        0.8067   -1.3225   -0.2995
  QMMM:    10       10      C        2.1413   -1.2154    0.0944
  QMMM:    11       11      C        0.2103   -2.6346   -0.4279
  QMMM:    12       12      N       -1.1116   -2.4697   -0.8484
  QMMM:    13       13      C        0.9441   -3.7998   -0.1589
  QMMM:    14       14      C        2.2674   -3.6381    0.2335
  QMMM:    15       15      C        2.8652   -2.3672    0.3597
  QMMM:    16       16      H       -0.9386    1.2490    1.3202
  QMMM:    17       17      H        0.9986    1.3509   -0.4282
  QMMM:    18       18      H       -0.2685    1.4834   -1.7135
  QMMM:    19       19      H       -2.3540   -0.7471   -1.2758
  QMMM:    20       20      H        2.6120   -0.2262    0.1904
  QMMM:    21       21      H        0.4903   -4.7953   -0.2550
  QMMM:    22       22      Cl       3.2033   -5.0201    0.5743
  QMMM:    23       23      H        3.9180   -2.2951    0.6716
  QMMM:    24       24      H       -1.7701   -3.1936   -0.9559
  QMMM:    25       25      H        0.5895    2.7236    2.2321
  QMMM:    26       26      C        1.0524    4.7165    1.8491
  QMMM:    27       27      H        0.5960    5.1553    2.7779
  QMMM:    28       28      H        2.1573    4.5984    2.0138
  QMMM:    29       29      H        0.8813    5.4230    0.9932
  QMMM:    30       30      H       -2.5243    2.4131   -0.8965
  QMMM:    31       31      C       -3.3918    1.7528    0.8422
  QMMM:    32       32      O       -3.1863    1.3490    2.0030
  QMMM:    33       33      C       -4.7815    2.0763    0.3517
  QMMM:    34       34      H       -5.5120    1.8474    1.1654
  QMMM:    35       35      H       -5.0367    1.4674   -0.5486
  QMMM:    36       36      H       -4.8544    3.1601    0.0915

           --------- Calculation Completed ----------

